[LOGGER_INIT] Initialized log file: /home/kumar-aman/Desktop/repos/art-orchestrator/art-orchestrator.log

========================================
Using Explicit ORDER_LIST
========================================
  1. AM2026051901081955078EEEC8776 (flipkart)
========================================


========================================
Running Sequential ART
Total Orders: 1
========================================

{"timestamp":"2026-05-28T13:18:16.724Z","level":"INFO","message":"Prepared multiplexer unix socket path","socketPath":"./data/art/multiplexer.sock"}
{"timestamp":"2026-05-28T13:18:16.725Z","level":"INFO","message":"ART multiplexer listening on http://localhost:3001"}
{"timestamp":"2026-05-28T13:18:16.725Z","level":"INFO","message":"ART multiplexer listening on unix socket","socketPath":"./data/art/multiplexer.sock"}

========================================
Sequential ART Runner
Total Orders: 1
Max Concurrent Orders: 1
Max Journey Time: 3 minutes
========================================

{"timestamp":"2026-05-28T13:18:16.725Z","level":"INFO","message":"Dispatching order to worker slot","workerId":1,"orderIndex":1,"totalOrders":1}

========================================
Playing Order 1/1
Merchant: flipkart, Order: AM2026051901081955078EEEC8776
========================================

{"timestamp":"2026-05-28T13:18:16.725Z","level":"INFO","message":"ART_PROGRESS: Playing order 1 out of 1","currentOrder":1,"totalOrders":1,"activeSlots":1,"orderId":"AM2026051901081955078EEEC8776","merchantId":"flipkart","phase":"ORDER_START"}
Replay artifacts for AM2026051901081955078EEEC8776:
  Raw logs: data/logs-1-AM2026051901081955078EEEC8776.json
  Filtered logs: data/filtered-logs-1-AM2026051901081955078EEEC8776.json
  Final filtered logs: data/final-filtered-logs-1-AM2026051901081955078EEEC8776.json
{"timestamp":"2026-05-28T13:18:16.726Z","level":"INFO","message":"ART_PROGRESS: Order 1/1 - Step 1: Fetching logs","orderId":"AM2026051901081955078EEEC8776","orderIndex":1,"totalOrders":1,"phase":"FETCH_LOGS"}
Loaded 155 logs from data/logs-1-AM2026051901081955078EEEC8776.json
  Using pre-cached logs for order AM2026051901081955078EEEC8776 (155 entries)
Fetched 155 logs for order AM2026051901081955078EEEC8776 (attempt succeeded)
{"timestamp":"2026-05-28T13:18:16.731Z","level":"INFO","message":"ART_PROGRESS: Order 1/1 - Step 2: Loading and filtering logs","orderId":"AM2026051901081955078EEEC8776","orderIndex":1,"totalOrders":1,"phase":"FILTER_LOGS"}
Loaded 155 logs from data/logs-1-AM2026051901081955078EEEC8776.json
Loaded 155 logs
Filtered logs: 155 -> 155 (removed 0 duplicates)
Saved filtered logs to: data/filtered-logs-1-AM2026051901081955078EEEC8776.json
Second-level filter: skipping index 1, trace_route: WRAPPER_CORE, log_tag: TXN_INTENT_CREATE_REQUEST
Second-level filter: skipping index 2, trace_route: WRAPPER_CORE, log_tag: TXN_INTENT_CREATE_RESPONSE
Second-level filter: skipping index 3, trace_route: WRAPPER_CORE, log_tag: CREATE_LOAN_REQUEST_INFO_REQUEST
Second-level filter: skipping index 5, trace_route: WRAPPER_CORE, log_tag: CREATE_LOAN_REQUEST_INFO_RESPONSE
Second-level filter: skipping index 6, trace_route: WRAPPER_CORE, log_tag: ELIGIBILITY_REQUEST
Second-level filter: skipping index 25, trace_route: WRAPPER_CORE, log_tag: ELIGIBILITY_RESPONSE
Second-level filter: skipping index 29, trace_route: WRAPPER_CORE, log_tag: GET_KFS_REQUEST
Second-level filter: skipping index 35, trace_route: WRAPPER_CORE, log_tag: GET_KFS_RESPONSE
Second-level filter: skipping index 37, trace_route: WRAPPER_CORE, log_tag: GET_KFS_REQUEST
Second-level filter: skipping index 43, trace_route: WRAPPER_CORE, log_tag: GET_KFS_RESPONSE
Second-level filter: skipping index 45, trace_route: WRAPPER_CORE, log_tag: GET_KFS_REQUEST
Second-level filter: skipping index 47, trace_route: WRAPPER_CORE, log_tag: GET_KFS_RESPONSE
Second-level filter: skipping index 49, trace_route: WRAPPER_CORE, log_tag: GET_KFS_REQUEST
Second-level filter: skipping index 55, trace_route: WRAPPER_CORE, log_tag: GET_KFS_RESPONSE
Second-level filter: skipping index 57, trace_route: WRAPPER_CORE, log_tag: CREATE_LOAN_APPLICATION_REQUEST
Second-level filter: skipping index 58, trace_route: WRAPPER_CORE, log_tag: CREATE_LOAN_APPLICATION_RESPONSE
Second-level filter: skipping index 59, trace_route: WRAPPER_CORE, log_tag: FETCH_OFFER_REQUEST_REQUEST
Second-level filter: skipping index 63, trace_route: WRAPPER_CORE, log_tag: FETCH_OFFER_REQUEST_RESPONSE
Second-level filter: skipping index 69, trace_route: WRAPPER_CORE, log_tag: FETCH_OFFER_REQUEST_REQUEST
Second-level filter: skipping index 71, trace_route: GATEWAY_LENDER, log_tag: GENERATE PARTNER AUTH TOKEN_ENCRYPTED_RESPONSE
Second-level filter: skipping index 76, trace_route: WRAPPER_CORE, log_tag: FETCH_OFFER_REQUEST_RESPONSE
Second-level filter: skipping index 79, trace_route: GATEWAY_CORE, log_tag: LSP-FetchOfferResponse_RESPONSE
Second-level filter: skipping index 82, trace_route: WRAPPER_CORE, log_tag: FETCH_OFFER_REQUEST_REQUEST
Second-level filter: skipping index 85, trace_route: WRAPPER_CORE, log_tag: FETCH_OFFER_REQUEST_RESPONSE
Second-level filter: skipping index 88, trace_route: GATEWAY_CORE, log_tag: LSP-FetchOfferResponse_RESPONSE
Second-level filter: skipping index 91, trace_route: GATEWAY_LENDER, log_tag: CHECK ELIGIBILITY API_ENCRYPTED_RESPONSE
Second-level filter: skipping index 94, trace_route: WRAPPER_CORE, log_tag: FETCH_OFFER_REQUEST_REQUEST
Second-level filter: skipping index 98, trace_route: GATEWAY_CORE, log_tag: LSP-FetchOfferResponse_RESPONSE
Second-level filter: skipping index 100, trace_route: WRAPPER_CORE, log_tag: FETCH_OFFER_REQUEST_RESPONSE
Second-level filter: skipping index 103, trace_route: WRAPPER_CORE, log_tag: FETCH_OFFER_REQUEST_REQUEST
Second-level filter: skipping index 107, trace_route: WRAPPER_CORE, log_tag: FETCH_OFFER_REQUEST_RESPONSE
Second-level filter: skipping index 109, trace_route: GATEWAY_CORE, log_tag: LSP-FetchOfferResponse_RESPONSE
Second-level filter: skipping index 112, trace_route: WRAPPER_CORE, log_tag: FETCH_OFFER_REQUEST_REQUEST
Second-level filter: skipping index 116, trace_route: WRAPPER_CORE, log_tag: FETCH_OFFER_REQUEST_RESPONSE
Second-level filter: skipping index 118, trace_route: GATEWAY_CORE, log_tag: LSP-FetchOfferResponse_RESPONSE
Second-level filter: skipping index 121, trace_route: WRAPPER_CORE, log_tag: FETCH_OFFER_REQUEST_REQUEST
Second-level filter: skipping index 125, trace_route: WRAPPER_CORE, log_tag: FETCH_OFFER_REQUEST_RESPONSE
Second-level filter: skipping index 127, trace_route: GATEWAY_CORE, log_tag: LSP-FetchOfferResponse_RESPONSE
Second-level filter: skipping index 130, trace_route: WRAPPER_CORE, log_tag: FETCH_OFFER_REQUEST_REQUEST
Second-level filter: skipping index 134, trace_route: WRAPPER_CORE, log_tag: FETCH_OFFER_REQUEST_RESPONSE
Second-level filter: skipping index 135, trace_route: GATEWAY_CORE, log_tag: LSP-FetchOfferResponse_RESPONSE
Second-level filter: skipping index 139, trace_route: WRAPPER_CORE, log_tag: FETCH_OFFER_REQUEST_REQUEST
Second-level filter: skipping index 142, trace_route: WRAPPER_CORE, log_tag: FETCH_OFFER_REQUEST_RESPONSE
Second-level filter: skipping index 145, trace_route: GATEWAY_CORE, log_tag: LSP-FetchOfferResponse_RESPONSE
Second-level filter: skipping index 149, trace_route: GATEWAY_LENDER, log_tag: CHECK ELIGIBILITY STATUS API_ENCRYPTED_RESPONSE
Second-level filter: skipping index 151, trace_route: GATEWAY_CORE, log_tag: LSP-FetchOfferResponse_RESPONSE
Second-level filtering: 155 -> 109 (removed 46 orchestrator-skipped entries)
Balanced GENERATE PARTNER AUTH TOKEN on [GATEWAY_LENDER]: kept 1 pair(s), removed 0 request(s) and 1 response(s)
Balanced CHECK ELIGIBILITY API on [GATEWAY_LENDER]: kept 1 pair(s), removed 0 request(s) and 1 response(s)
Balanced CHECK ELIGIBILITY STATUS API on [GATEWAY_LENDER]: kept 1 pair(s), removed 0 request(s) and 1 response(s)
Saved final filtered logs to: data/final-filtered-logs-1-AM2026051901081955078EEEC8776.json
Ready to replay 106 unique logs
{"timestamp":"2026-05-28T13:18:16.746Z","level":"INFO","message":"ART_PROGRESS: Order 1/1 - Step 3: Starting ART replay","orderId":"AM2026051901081955078EEEC8776","orderIndex":1,"totalOrders":1,"totalLogs":106,"phase":"START_REPLAY"}
{"timestamp":"2026-05-28T13:18:16.746Z","level":"INFO","message":"Parsed log entries","count":106}
{"timestamp":"2026-05-28T13:18:16.747Z","level":"INFO","message":"Registered orchestrator for session","sessionId":"cli-1779974296725:AM2026051901081955078EEEC8776","orderCount":1}
{"timestamp":"2026-05-28T13:18:16.747Z","level":"INFO","message":"ART_PROGRESS: Order 1/1 - Step 4: Running ART replay","orderId":"AM2026051901081955078EEEC8776","orderIndex":1,"totalOrders":1,"phase":"RUNNING_REPLAY"}
{"timestamp":"2026-05-28T13:18:16.747Z","level":"INFO","message":"Extracted merchantId and orderId from logs","merchantId":"flipkart","orderId":"AM2026051901081955078EEEC8776"}
{"timestamp":"2026-05-28T13:18:16.747Z","level":"INFO","message":"Extracted lender org ID to ID mapping from logs","count":7,"orgIds":["TVS_CREDIT","FIBE","PAYU","DMI","CHOLA","FFPL","HDB"]}
{"timestamp":"2026-05-28T13:18:16.747Z","level":"INFO","message":"Clearing LSP data via art/data/clear"}
{"timestamp":"2026-05-28T13:18:16.747Z","level":"INFO","message":"Making HTTP request","baseUrl":"http://localhost:8055","endpoint":"/art/data/clear","method":"POST","requestId":null,"sourceDestination":null,"dest":"","logTag":null,"merchantId":"flipkart","customHeaders":null,"unixSocket":"/home/kumar-aman/Desktop/repos/euler-lsp/data/euler-lsp/euler-lsp.sock"}
{"timestamp":"2026-05-28T13:18:16.747Z","level":"INFO","message":"Request body prepared","bodyPreview":"{\"merchantId\":\"flipkart\",\"orderId\":\"AM2026051901081955078EEEC8776\"}","contentType":"application/json"}
🔌 Using Unix socket for request: /home/kumar-aman/Desktop/repos/euler-lsp/data/euler-lsp/euler-lsp.sock
🔌 URL: http://localhost:8055/art/data/clear
{"timestamp":"2026-05-28T13:18:16.748Z","level":"INFO","message":"Using Unix socket for request","socket":"/home/kumar-aman/Desktop/repos/euler-lsp/data/euler-lsp/euler-lsp.sock","url":"http://localhost:8055/art/data/clear"}
{"timestamp":"2026-05-28T13:18:16.754Z","level":"ERROR","message":"HTTP request failed","url":"http://localhost:8055/art/data/clear","method":"POST","error":"connect ECONNREFUSED /home/kumar-aman/Desktop/repos/euler-lsp/data/euler-lsp/euler-lsp.sock","errorType":"Object","baseUrl":"http://localhost:8055","endpoint":"/art/data/clear","requestId":null,"logTag":null}
{"timestamp":"2026-05-28T13:18:16.754Z","level":"WARN","message":"Failed to clear LSP data","error":"connect ECONNREFUSED /home/kumar-aman/Desktop/repos/euler-lsp/data/euler-lsp/euler-lsp.sock","status":0}
{"timestamp":"2026-05-28T13:18:16.754Z","level":"INFO","message":"Onboarding seed data to LSP: ","baseUrl":"http://localhost:8055/art/configs/set","merchantId":"flipkart","lenderCount":7}
{"timestamp":"2026-05-28T13:18:16.754Z","level":"INFO","message":"Making HTTP request","baseUrl":"http://localhost:8055","endpoint":"/art/configs/set","method":"POST","requestId":null,"sourceDestination":null,"dest":"","logTag":null,"merchantId":"flipkart","customHeaders":null,"unixSocket":"/home/kumar-aman/Desktop/repos/euler-lsp/data/euler-lsp/euler-lsp.sock"}
{"timestamp":"2026-05-28T13:18:16.754Z","level":"INFO","message":"Request body prepared","bodyPreview":"{\"merchantId\":\"flipkart\",\"lenderOrgIdToIdMap\":{\"TVS_CREDIT\":\"LSP3ecfadef135d45048a8aa3ae42e9f03f\",\"FIBE\":\"LSP6d9e25954459437a9c8a537ec76f7d38\",\"PAYU\":\"LSPf36496a27f7b4e799321f9217bd79954\",\"DMI\":\"LSP134d7524174646adae514b0c0a9659cf\",\"CHOLA\":\"LSP5e6bbd0153fc4f6b85855574cd996e81\",\"FFPL\":\"LSP0bcc0081817c46c1b4dc2e191b45503e\",\"HDB\":\"LSPcd765150d4ed4bd2900de53df299f948\"}}","contentType":"application/json"}
🔌 Using Unix socket for request: /home/kumar-aman/Desktop/repos/euler-lsp/data/euler-lsp/euler-lsp.sock
🔌 URL: http://localhost:8055/art/configs/set
{"timestamp":"2026-05-28T13:18:16.754Z","level":"INFO","message":"Using Unix socket for request","socket":"/home/kumar-aman/Desktop/repos/euler-lsp/data/euler-lsp/euler-lsp.sock","url":"http://localhost:8055/art/configs/set"}
{"timestamp":"2026-05-28T13:18:16.755Z","level":"ERROR","message":"HTTP request failed","url":"http://localhost:8055/art/configs/set","method":"POST","error":"connect ECONNREFUSED /home/kumar-aman/Desktop/repos/euler-lsp/data/euler-lsp/euler-lsp.sock","errorType":"Object","baseUrl":"http://localhost:8055","endpoint":"/art/configs/set","requestId":null,"logTag":null}
{"timestamp":"2026-05-28T13:18:16.755Z","level":"ERROR","message":"Seed data onboarding failed","merchantId":"flipkart","error":"Seed data onboarding failed: connect ECONNREFUSED /home/kumar-aman/Desktop/repos/euler-lsp/data/euler-lsp/euler-lsp.sock"}
Error processing order AM2026051901081955078EEEC8776: Seed data onboarding failed: connect ECONNREFUSED /home/kumar-aman/Desktop/repos/euler-lsp/data/euler-lsp/euler-lsp.sock
{"timestamp":"2026-05-28T13:18:16.756Z","level":"INFO","message":"StateManager cleanup completed","pendingRequests":0,"pendingResponses":0,"bufferedRequests":0}
{"timestamp":"2026-05-28T13:18:16.756Z","level":"INFO","message":"Replay orchestrator stopped"}
{"timestamp":"2026-05-28T13:18:16.756Z","level":"INFO","message":"Async orchestrator stopped"}
{"timestamp":"2026-05-28T13:18:16.756Z","level":"INFO","message":"Unregistered orchestrator for session","sessionId":"cli-1779974296725:AM2026051901081955078EEEC8776"}
{"timestamp":"2026-05-28T13:18:16.756Z","level":"INFO","message":"Checking duplicate","position":0,"logTag":"FlipKart-Eligibility_REQUEST","key":"9e75b935-c2ba-4b98-a8ef-ca102cf8198c_FlipKart-Eligibility_RE","isDuplicate":false,"seenCount":0}
{"timestamp":"2026-05-28T13:18:16.757Z","level":"INFO","message":"Deleted order temp files","orderId":"AM2026051901081955078EEEC8776","orderIndex":1,"deletedFiles":["data/logs-1-AM2026051901081955078EEEC8776.json","data/filtered-logs-1-AM2026051901081955078EEEC8776.json","data/final-filtered-logs-1-AM2026051901081955078EEEC8776.json"]}
Failed to process order AM2026051901081955078EEEC8776: Seed data onboarding failed: connect ECONNREFUSED /home/kumar-aman/Desktop/repos/euler-lsp/data/euler-lsp/euler-lsp.sock

📊 ART Report generated: /home/kumar-aman/Desktop/repos/art-orchestrator/report.json

========================================
Sequential Processing Complete
========================================
Successful: 0
Failed: 1
Total: 1
========================================


========================================
Sequential ART Complete
Overall Success: false
ART Report Path: report.json
ART multiplexer will stay alive until manually stopped.
========================================

